==============================================================================
20180129 11:55:07.003 - INFO - + START SUITE: Acceptancetest [ ]
==============================================================================
20180129 11:55:07.069 - INFO - +- START SUITE: Acceptancetest.HelloWorldTests [ ]
==============================================================================
20180129 11:55:07.074 - INFO - +-- START TEST: Say Hello [ ]
------------------------------------------------------------------------------
20180129 11:55:07.074 - INFO - +--- START KW: keywords.CustomKeywords.Greet Everyone [ ]
20180129 11:55:07.074 - INFO - +--- END KW: keywords.CustomKeywords.Greet Everyone (0)
------------------------------------------------------------------------------
20180129 11:55:07.089 - INFO - +-- END TEST: Say Hello (4)
------------------------------------------------------------------------------
20180129 11:55:07.092 - INFO - +-- START TEST: Say Hello In Pig Latin [ ]
------------------------------------------------------------------------------
20180129 11:55:07.096 - INFO - +--- START KW: keywords.CustomKeywords.Reverse Greet Everyone [ ]
20180129 11:55:07.098 - INFO - +--- END KW: keywords.CustomKeywords.Reverse Greet Everyone (2)
------------------------------------------------------------------------------
20180129 11:55:07.098 - INFO - +-- END TEST: Say Hello In Pig Latin (8)
------------------------------------------------------------------------------
20180129 11:55:07.098 - INFO - +-- START TEST: Make Sure You're Saying Hello [ ]
------------------------------------------------------------------------------
20180129 11:55:07.098 - INFO - +--- START KW: keywords.CustomKeywords.Greet Everyone [ ]
20180129 11:55:07.114 - INFO - ${result} = hello world
20180129 11:55:07.114 - INFO - +--- END KW: keywords.CustomKeywords.Greet Everyone (16)
~~~~~~~~~~~~~~~~~~~~~~~~~~~~~~~~~~~~~~~~~~~~~~~~~~~~~~~~~~~~~~~~~~~~~~~~~~~~~~
20180129 11:55:07.114 - INFO - +--- START KW: BuiltIn.Should Be Equal [ ${result} | hello world ]
20180129 11:55:07.114 - INFO - +--- END KW: BuiltIn.Should Be Equal (0)
------------------------------------------------------------------------------
20180129 11:55:07.114 - INFO - +-- END TEST: Make Sure You're Saying Hello (16)
------------------------------------------------------------------------------
20180129 11:55:07.129 - INFO - +-- START TEST: Make A Test That Fails [ ]
------------------------------------------------------------------------------
20180129 11:55:07.129 - INFO - +--- START KW: keywords.CustomKeywords.Reverse Greet Everyone [ ]
20180129 11:55:07.139 - INFO - ${result} = dlrow olleh
20180129 11:55:07.141 - INFO - +--- END KW: keywords.CustomKeywords.Reverse Greet Everyone (11)
~~~~~~~~~~~~~~~~~~~~~~~~~~~~~~~~~~~~~~~~~~~~~~~~~~~~~~~~~~~~~~~~~~~~~~~~~~~~~~
20180129 11:55:07.143 - INFO - +--- START KW: BuiltIn.Should Be Equal [ ${result} | dlrow olleh ]
20180129 11:55:07.151 - INFO - +--- END KW: BuiltIn.Should Be Equal (8)
------------------------------------------------------------------------------
20180129 11:55:07.151 - INFO - +-- END TEST: Make A Test That Fails (22)
------------------------------------------------------------------------------
20180129 11:55:07.151 - INFO - +- END SUITE: Acceptancetest.HelloWorldTests (144)
==============================================================================
20180129 11:55:07.166 - INFO - + END SUITE: Acceptancetest (628)
==============================================================================
